<?xml version="1.0" encoding="UTF-8"?>
<!-- Generated by org.testng.reporters.JUnitXMLReporter -->
<testsuite ignored="0" hostname="Suvhanberdis-MacBook-Pro.local" failures="0" tests="3" name="LoginPage" time="27.565" errors="0" timestamp="2020-03-04T14:50:34 CST">
  <testcase classname="com.inetbanking.testCases.TC_LoginTest_001" name="loginTest" time="2.479"/>
  <testcase classname="com.inetbanking.testCases.TC_LoginTest_002" name="loginDDT" time="12.964"/>
  <testcase classname="com.inetbanking.testCases.TC_AddingNewCustomer_001" name="addNewCustomer" time="5.8"/>
</testsuite> <!-- LoginPage -->
