<?xml version="1.0" encoding="UTF-8"?>
<testng-results ignored="0" total="1" passed="1" failed="0" skipped="0">
  <reporter-output>
  </reporter-output>
  <suite started-at="2020-03-04T17:31:37 CST" name="Default suite" finished-at="2020-03-04T17:31:43 CST" duration-ms="6008">
    <groups>
    </groups>
    <test started-at="2020-03-04T17:31:37 CST" name="Default test" finished-at="2020-03-04T17:31:43 CST" duration-ms="6008">
      <class name="com.inetbanking.testCases.TC_LoginTest_001">
        <test-method is-config="true" signature="setExtentReport()[pri:0, instance:com.inetbanking.testCases.TC_LoginTest_001@36a5cabc]" started-at="2020-03-04T17:31:37 CST" name="setExtentReport" finished-at="2020-03-04T17:31:37 CST" duration-ms="119" status="PASS">
          <reporter-output>
          </reporter-output>
        </test-method> <!-- setExtentReport -->
        <test-method is-config="true" signature="setUp()[pri:0, instance:com.inetbanking.testCases.TC_LoginTest_001@36a5cabc]" started-at="2020-03-04T17:31:37 CST" name="setUp" finished-at="2020-03-04T17:31:39 CST" duration-ms="2331" status="PASS">
          <reporter-output>
          </reporter-output>
        </test-method> <!-- setUp -->
        <test-method signature="loginTest()[pri:0, instance:com.inetbanking.testCases.TC_LoginTest_001@36a5cabc]" started-at="2020-03-04T17:31:39 CST" name="loginTest" finished-at="2020-03-04T17:31:42 CST" duration-ms="2619" status="PASS">
          <reporter-output>
          </reporter-output>
        </test-method> <!-- loginTest -->
        <test-method is-config="true" signature="tearDown()[pri:0, instance:com.inetbanking.testCases.TC_LoginTest_001@36a5cabc]" started-at="2020-03-04T17:31:42 CST" name="tearDown" finished-at="2020-03-04T17:31:42 CST" duration-ms="158" status="PASS">
          <reporter-output>
          </reporter-output>
        </test-method> <!-- tearDown -->
        <test-method is-config="true" signature="endReport()[pri:0, instance:com.inetbanking.testCases.TC_LoginTest_001@36a5cabc]" started-at="2020-03-04T17:31:42 CST" name="endReport" finished-at="2020-03-04T17:31:43 CST" duration-ms="741" status="PASS">
          <reporter-output>
          </reporter-output>
        </test-method> <!-- endReport -->
      </class> <!-- com.inetbanking.testCases.TC_LoginTest_001 -->
    </test> <!-- Default test -->
  </suite> <!-- Default suite -->
</testng-results>
